<?xml version="1.0" encoding="UTF-8"?>
<!-- Generated by org.testng.reporters.JUnitReportReporter -->
<testsuite hostname="DESKTOP-4K4NBNI" failures="0" tests="2" name="BasicPrograms.Gmail" time="0.010" errors="0" timestamp="2023-10-17T08:02:21 IST" skipped="0">
  <testcase classname="BasicPrograms.Gmail" name="Login" time="0.009"/>
  <testcase classname="BasicPrograms.Gmail" name="Logout" time="0.001"/>
</testsuite> <!-- BasicPrograms.Gmail -->
